2026-04-26 21:44:17,405 | INFO | ════════════════════════════════════════════════════════════
2026-04-26 21:44:17,406 | INFO | 🤖  Samer Imperial Bot v4.0  — Self-Learning Edition
2026-04-26 21:44:17,406 | INFO | 💰  الرصيد: $1000.00
2026-04-26 21:44:17,406 | INFO | 📊  الزوج: SOL/USDT | Timeframe: 5m
2026-04-26 21:44:17,406 | INFO | 🧠  إجمالي الصفقات: 0 | Win Rate: 0%
2026-04-26 21:44:17,406 | INFO | ════════════════════════════════════════════════════════════
2026-04-26 21:44:17,406 | INFO | 🚀 بدأ البوت — اضغط Ctrl+C للإيقاف
2026-04-26 22:12:51,944 | INFO | 🟢 BUY  | SOL/USDT @ $86.8800
2026-04-26 22:12:51,944 | INFO |         | السبب: TREND_FOLLOW
2026-04-26 22:12:51,944 | INFO |         | الكمية: 1.149862 | المبلغ: $100.00
2026-04-26 22:12:51,944 | INFO |         | الرصيد المتبقي: $900.00
2026-04-26 22:13:07,381 | INFO | 📊 HOLD | $86.9300 | P&L: +0.06% | RSI: 73.5 | ADX: 33.2
2026-04-26 22:13:23,356 | INFO | 📊 HOLD | $86.9200 | P&L: +0.05% | RSI: 73.2 | ADX: 33.2
2026-04-26 22:13:38,787 | INFO | 📊 HOLD | $86.9100 | P&L: +0.03% | RSI: 72.9 | ADX: 33.2
2026-04-26 22:13:54,218 | INFO | 📊 HOLD | $86.9200 | P&L: +0.05% | RSI: 73.2 | ADX: 33.2
2026-04-26 22:14:09,693 | INFO | 📊 HOLD | $86.9300 | P&L: +0.06% | RSI: 73.5 | ADX: 33.2
2026-04-26 22:14:25,200 | INFO | 📊 HOLD | $86.9200 | P&L: +0.05% | RSI: 73.2 | ADX: 33.2
2026-04-26 22:14:40,821 | INFO | 📊 HOLD | $86.9200 | P&L: +0.05% | RSI: 73.2 | ADX: 33.2
2026-04-26 22:14:56,721 | INFO | 📊 HOLD | $86.9100 | P&L: +0.03% | RSI: 72.9 | ADX: 33.2
2026-04-26 22:15:12,436 | INFO | 📊 HOLD | $86.9500 | P&L: +0.08% | RSI: 71.4 | ADX: 34.9
2026-04-26 22:15:28,204 | INFO | 📊 HOLD | $87.1700 | P&L: +0.33% | RSI: 77.0 | ADX: 38.0
2026-04-26 22:15:43,642 | INFO | 📊 HOLD | $87.1500 | P&L: +0.31% | RSI: 76.6 | ADX: 38.0
2026-04-26 22:15:59,518 | INFO | 📊 HOLD | $87.1700 | P&L: +0.33% | RSI: 77.0 | ADX: 38.0
2026-04-26 22:16:15,071 | INFO | 📊 HOLD | $87.1500 | P&L: +0.31% | RSI: 76.6 | ADX: 38.0
2026-04-26 22:16:30,625 | INFO | 📊 HOLD | $87.1100 | P&L: +0.26% | RSI: 75.7 | ADX: 38.0
2026-04-26 22:16:46,289 | INFO | 📊 HOLD | $87.0700 | P&L: +0.22% | RSI: 74.8 | ADX: 38.0
2026-04-26 22:17:01,943 | INFO | 📊 HOLD | $87.0600 | P&L: +0.21% | RSI: 74.5 | ADX: 38.0
2026-04-26 22:17:17,491 | INFO | 📊 HOLD | $87.0600 | P&L: +0.21% | RSI: 74.5 | ADX: 38.0
2026-04-26 22:17:32,932 | INFO | 📊 HOLD | $87.0700 | P&L: +0.22% | RSI: 74.8 | ADX: 38.0
2026-04-26 22:17:48,396 | INFO | 📊 HOLD | $87.0900 | P&L: +0.24% | RSI: 75.2 | ADX: 38.0
2026-04-26 22:18:04,150 | INFO | 📊 HOLD | $87.0700 | P&L: +0.22% | RSI: 74.8 | ADX: 38.0
2026-04-26 22:18:19,591 | INFO | 📊 HOLD | $87.0700 | P&L: +0.22% | RSI: 74.8 | ADX: 38.0
2026-04-26 22:18:35,020 | INFO | 📊 HOLD | $87.0500 | P&L: +0.20% | RSI: 74.3 | ADX: 38.0
2026-04-26 22:18:50,569 | INFO | 📊 HOLD | $87.0400 | P&L: +0.18% | RSI: 74.0 | ADX: 38.0
2026-04-26 22:19:06,221 | INFO | 📊 HOLD | $87.0200 | P&L: +0.16% | RSI: 73.5 | ADX: 38.0
2026-04-26 22:19:22,279 | INFO | 📊 HOLD | $87.0100 | P&L: +0.15% | RSI: 73.2 | ADX: 38.0
2026-04-26 22:19:37,867 | INFO | 📊 HOLD | $86.9800 | P&L: +0.12% | RSI: 72.3 | ADX: 38.0
2026-04-26 22:19:53,694 | INFO | 📊 HOLD | $87.0000 | P&L: +0.14% | RSI: 72.9 | ADX: 38.0
2026-04-26 22:20:09,256 | INFO | 📊 HOLD | $87.0100 | P&L: +0.15% | RSI: 68.6 | ADX: 42.0
2026-04-26 22:20:24,892 | INFO | 📊 HOLD | $87.0300 | P&L: +0.17% | RSI: 69.8 | ADX: 42.0
2026-04-26 22:20:40,304 | INFO | 📊 HOLD | $87.0400 | P&L: +0.18% | RSI: 70.1 | ADX: 42.0
2026-04-26 22:20:55,811 | INFO | 📊 HOLD | $87.0200 | P&L: +0.16% | RSI: 69.4 | ADX: 42.0
2026-04-26 22:21:11,453 | INFO | 📊 HOLD | $87.0400 | P&L: +0.18% | RSI: 70.1 | ADX: 42.0
2026-04-26 22:21:27,452 | INFO | 📊 HOLD | $87.0300 | P&L: +0.17% | RSI: 69.8 | ADX: 42.0
2026-04-26 22:21:42,935 | INFO | 📊 HOLD | $87.0600 | P&L: +0.21% | RSI: 70.8 | ADX: 42.0
2026-04-26 22:21:58,542 | INFO | 📊 HOLD | $87.0500 | P&L: +0.20% | RSI: 70.5 | ADX: 42.0
2026-04-26 22:22:14,381 | INFO | 📊 HOLD | $87.0200 | P&L: +0.16% | RSI: 69.4 | ADX: 42.0
2026-04-26 22:22:30,352 | INFO | 📊 HOLD | $87.0100 | P&L: +0.15% | RSI: 68.6 | ADX: 42.0
2026-04-26 22:22:46,259 | INFO | 📊 HOLD | $86.9900 | P&L: +0.13% | RSI: 67.0 | ADX: 42.0
2026-04-26 22:23:01,851 | INFO | 📊 HOLD | $87.0400 | P&L: +0.18% | RSI: 70.1 | ADX: 42.0
2026-04-26 22:23:17,636 | INFO | 📊 HOLD | $87.0200 | P&L: +0.16% | RSI: 69.4 | ADX: 42.0
2026-04-26 22:23:33,188 | INFO | 📊 HOLD | $87.0100 | P&L: +0.15% | RSI: 68.6 | ADX: 42.0
2026-04-26 22:23:48,757 | INFO | 📊 HOLD | $86.9900 | P&L: +0.13% | RSI: 67.0 | ADX: 42.0
2026-04-26 22:24:04,642 | INFO | 📊 HOLD | $86.9800 | P&L: +0.12% | RSI: 66.3 | ADX: 42.0
2026-04-26 22:24:20,086 | INFO | 📊 HOLD | $86.9300 | P&L: +0.06% | RSI: 62.8 | ADX: 42.0
2026-04-26 22:24:35,517 | INFO | 📊 HOLD | $86.8700 | P&L: -0.01% | RSI: 59.0 | ADX: 40.0
2026-04-26 22:24:50,959 | INFO | 📊 HOLD | $86.8600 | P&L: -0.02% | RSI: 58.4 | ADX: 39.7
2026-04-26 22:25:06,502 | INFO | 📊 HOLD | $86.9000 | P&L: +0.02% | RSI: 53.8 | ADX: 41.2
2026-04-26 22:25:22,005 | INFO | 📊 HOLD | $86.8600 | P&L: -0.02% | RSI: 51.7 | ADX: 41.2
2026-04-26 22:25:37,620 | INFO | 📊 HOLD | $86.7700 | P&L: -0.13% | RSI: 46.9 | ADX: 38.4
2026-04-26 22:25:55,190 | INFO | 📊 HOLD | $86.7300 | P&L: -0.17% | RSI: 45.0 | ADX: 36.7
2026-04-26 22:26:11,196 | INFO | 📊 HOLD | $86.6900 | P&L: -0.22% | RSI: 43.3 | ADX: 36.0
2026-04-26 22:26:26,698 | INFO | 📊 HOLD | $86.6800 | P&L: -0.23% | RSI: 42.9 | ADX: 36.0
2026-04-26 22:26:42,877 | INFO | 📊 HOLD | $86.8200 | P&L: -0.07% | RSI: 49.5 | ADX: 36.0
2026-04-26 22:26:58,285 | INFO | 📊 HOLD | $86.8200 | P&L: -0.07% | RSI: 49.5 | ADX: 36.0
2026-04-26 22:27:13,938 | INFO | 📊 HOLD | $86.8300 | P&L: -0.06% | RSI: 50.0 | ADX: 36.0
2026-04-26 22:27:29,378 | INFO | 📊 HOLD | $86.8300 | P&L: -0.06% | RSI: 50.0 | ADX: 36.0
2026-04-26 22:27:44,807 | INFO | 📊 HOLD | $86.8000 | P&L: -0.09% | RSI: 48.4 | ADX: 36.0
2026-04-26 22:28:00,227 | INFO | 📊 HOLD | $86.7900 | P&L: -0.10% | RSI: 47.9 | ADX: 36.0
2026-04-26 22:28:15,655 | INFO | 📊 HOLD | $86.7800 | P&L: -0.12% | RSI: 47.4 | ADX: 36.0
2026-04-26 22:28:31,098 | INFO | 📊 HOLD | $86.7800 | P&L: -0.12% | RSI: 47.4 | ADX: 36.0
2026-04-26 22:28:46,536 | INFO | 📊 HOLD | $86.7700 | P&L: -0.13% | RSI: 46.9 | ADX: 36.0
2026-04-26 22:29:02,212 | INFO | 📊 HOLD | $86.7600 | P&L: -0.14% | RSI: 46.4 | ADX: 36.0
2026-04-26 22:29:17,792 | INFO | 📊 HOLD | $86.7700 | P&L: -0.13% | RSI: 46.9 | ADX: 36.0
2026-04-26 22:29:33,224 | INFO | 📊 HOLD | $86.7800 | P&L: -0.12% | RSI: 47.4 | ADX: 36.0
2026-04-26 22:29:48,659 | INFO | 📊 HOLD | $86.8000 | P&L: -0.09% | RSI: 48.4 | ADX: 36.0
2026-04-26 22:30:04,550 | INFO | 📊 HOLD | $86.7900 | P&L: -0.10% | RSI: 45.6 | ADX: 32.9
2026-04-26 22:30:20,125 | INFO | 📊 HOLD | $86.7900 | P&L: -0.10% | RSI: 45.6 | ADX: 32.9
2026-04-26 22:30:35,775 | INFO | 📊 HOLD | $86.7900 | P&L: -0.10% | RSI: 45.6 | ADX: 32.9
2026-04-26 22:30:51,238 | INFO | 📊 HOLD | $86.7700 | P&L: -0.13% | RSI: 44.6 | ADX: 32.9
2026-04-26 22:31:06,836 | INFO | 📊 HOLD | $86.7700 | P&L: -0.13% | RSI: 44.6 | ADX: 32.9
2026-04-26 22:31:22,400 | INFO | 📊 HOLD | $86.7700 | P&L: -0.13% | RSI: 44.6 | ADX: 32.9
2026-04-26 22:31:37,828 | INFO | 📊 HOLD | $86.7500 | P&L: -0.15% | RSI: 43.6 | ADX: 32.9
2026-04-26 22:31:53,269 | INFO | 📊 HOLD | $86.7400 | P&L: -0.16% | RSI: 43.2 | ADX: 32.9
2026-04-26 22:32:09,737 | INFO | 📊 HOLD | $86.7400 | P&L: -0.16% | RSI: 43.2 | ADX: 32.9
2026-04-26 22:32:25,258 | INFO | 📊 HOLD | $86.7300 | P&L: -0.17% | RSI: 42.7 | ADX: 32.9
2026-04-26 22:32:40,685 | INFO | 📊 HOLD | $86.7200 | P&L: -0.18% | RSI: 42.3 | ADX: 32.9
2026-04-26 22:32:56,592 | INFO | 📊 HOLD | $86.7000 | P&L: -0.21% | RSI: 41.4 | ADX: 32.9
2026-04-26 22:33:12,433 | INFO | 📊 HOLD | $86.7500 | P&L: -0.15% | RSI: 43.6 | ADX: 32.9
2026-04-26 22:33:27,849 | INFO | 📊 HOLD | $86.7400 | P&L: -0.16% | RSI: 43.2 | ADX: 32.9
2026-04-26 22:33:43,272 | INFO | 📊 HOLD | $86.7400 | P&L: -0.16% | RSI: 43.2 | ADX: 32.9
2026-04-26 22:33:58,707 | INFO | 📊 HOLD | $86.7400 | P&L: -0.16% | RSI: 43.2 | ADX: 32.9
2026-04-26 22:34:14,159 | INFO | 📊 HOLD | $86.7500 | P&L: -0.15% | RSI: 43.6 | ADX: 32.9
2026-04-26 22:34:29,596 | INFO | 📊 HOLD | $86.7500 | P&L: -0.15% | RSI: 43.6 | ADX: 32.9
2026-04-26 22:34:45,515 | INFO | 📊 HOLD | $86.7500 | P&L: -0.15% | RSI: 43.6 | ADX: 32.9
2026-04-26 22:35:01,228 | INFO | 📊 HOLD | $86.7900 | P&L: -0.10% | RSI: 53.2 | ADX: 30.1
2026-04-26 22:35:17,161 | INFO | 📊 HOLD | $86.7300 | P&L: -0.17% | RSI: 49.4 | ADX: 30.1
2026-04-26 22:35:32,967 | INFO | 📊 HOLD | $86.7300 | P&L: -0.17% | RSI: 49.4 | ADX: 30.1
2026-04-26 22:35:48,602 | INFO | 📊 HOLD | $86.7300 | P&L: -0.17% | RSI: 49.4 | ADX: 30.1
2026-04-26 22:36:04,046 | INFO | 📊 HOLD | $86.7400 | P&L: -0.16% | RSI: 50.0 | ADX: 30.1
2026-04-26 22:36:24,282 | INFO | ════════════════════════════════════════════════════════════
2026-04-26 22:36:24,282 | INFO | 🤖  Samer Imperial Bot v4.0  — Self-Learning Edition
2026-04-26 22:36:24,282 | INFO | 💰  الرصيد: $900.00
2026-04-26 22:36:24,282 | INFO | 📊  الزوج: SOL/USDT | Timeframe: 5m
2026-04-26 22:36:24,283 | INFO | 🧠  إجمالي الصفقات: 0 | Win Rate: 0%
2026-04-26 22:36:24,283 | INFO | ════════════════════════════════════════════════════════════
2026-04-26 22:36:24,283 | INFO | 🚀 بدأ البوت — اضغط Ctrl+C للإيقاف
2026-04-26 22:36:32,567 | INFO | 📊 HOLD | $86.8000 | P&L: -0.09% | RSI: 53.8 | ADX: 30.3
2026-04-26 22:36:48,184 | INFO | 📊 HOLD | $86.8000 | P&L: -0.09% | RSI: 53.8 | ADX: 30.3
2026-04-26 22:37:04,048 | INFO | 📊 HOLD | $86.8200 | P&L: -0.07% | RSI: 55.0 | ADX: 30.6
2026-04-26 22:37:19,934 | INFO | 📊 HOLD | $86.8400 | P&L: -0.05% | RSI: 56.1 | ADX: 31.4
2026-04-26 22:37:35,438 | INFO | 📊 HOLD | $86.8500 | P&L: -0.03% | RSI: 56.6 | ADX: 31.4
2026-04-26 22:37:50,989 | INFO | 📊 HOLD | $86.8500 | P&L: -0.03% | RSI: 56.6 | ADX: 31.4
2026-04-26 22:38:06,426 | INFO | 📊 HOLD | $86.8100 | P&L: -0.08% | RSI: 54.4 | ADX: 31.4
2026-04-26 22:38:21,873 | INFO | 📊 HOLD | $86.8200 | P&L: -0.07% | RSI: 55.0 | ADX: 31.4
2026-04-26 22:38:37,376 | INFO | 📊 HOLD | $86.8000 | P&L: -0.09% | RSI: 53.8 | ADX: 31.4
2026-04-26 22:38:52,879 | INFO | 📊 HOLD | $86.7800 | P&L: -0.12% | RSI: 52.6 | ADX: 31.4
2026-04-26 22:39:08,376 | INFO | 📊 HOLD | $86.8000 | P&L: -0.09% | RSI: 53.8 | ADX: 31.4
2026-04-26 22:39:24,248 | INFO | 📊 HOLD | $86.7800 | P&L: -0.12% | RSI: 52.6 | ADX: 31.4
2026-04-26 22:39:39,680 | INFO | 📊 HOLD | $86.7700 | P&L: -0.13% | RSI: 51.9 | ADX: 31.4
2026-04-26 22:39:55,297 | INFO | 📊 HOLD | $86.7700 | P&L: -0.13% | RSI: 51.9 | ADX: 31.4
2026-04-26 22:40:10,978 | INFO | 📊 HOLD | $86.7700 | P&L: -0.13% | RSI: 54.5 | ADX: 30.1
2026-04-26 22:40:26,414 | INFO | 📊 HOLD | $86.7600 | P&L: -0.14% | RSI: 53.9 | ADX: 30.1
2026-04-26 22:40:42,895 | INFO | 📊 HOLD | $86.7600 | P&L: -0.14% | RSI: 53.9 | ADX: 30.1
2026-04-26 22:40:58,358 | INFO | 📊 HOLD | $86.7800 | P&L: -0.12% | RSI: 55.1 | ADX: 30.1
2026-04-26 22:41:13,865 | INFO | 📊 HOLD | $86.7600 | P&L: -0.14% | RSI: 53.9 | ADX: 30.1
2026-04-26 22:41:29,296 | INFO | 📊 HOLD | $86.7900 | P&L: -0.10% | RSI: 55.7 | ADX: 30.1
2026-04-26 22:41:44,990 | INFO | 📊 HOLD | $86.7900 | P&L: -0.10% | RSI: 55.7 | ADX: 30.1
2026-04-26 22:42:00,431 | INFO | 📊 HOLD | $86.7900 | P&L: -0.10% | RSI: 55.7 | ADX: 30.1
2026-04-26 22:42:16,347 | INFO | 📊 HOLD | $86.7800 | P&L: -0.12% | RSI: 55.1 | ADX: 30.1
2026-04-26 22:42:31,850 | INFO | 📊 HOLD | $86.7800 | P&L: -0.12% | RSI: 55.1 | ADX: 30.1
2026-04-26 22:42:47,366 | INFO | 📊 HOLD | $86.8200 | P&L: -0.07% | RSI: 57.3 | ADX: 30.1
2026-04-26 22:43:03,209 | INFO | 📊 HOLD | $86.8300 | P&L: -0.06% | RSI: 57.8 | ADX: 30.1
2026-04-26 22:43:18,698 | INFO | 📊 HOLD | $86.8300 | P&L: -0.06% | RSI: 57.8 | ADX: 30.1
2026-04-26 22:43:34,158 | INFO | 📊 HOLD | $86.8300 | P&L: -0.06% | RSI: 57.8 | ADX: 30.1
2026-04-26 22:43:49,606 | INFO | 📊 HOLD | $86.8200 | P&L: -0.07% | RSI: 57.3 | ADX: 30.1
2026-04-26 22:44:05,252 | INFO | 📊 HOLD | $86.8300 | P&L: -0.06% | RSI: 57.8 | ADX: 30.1
2026-04-26 22:44:20,821 | INFO | 📊 HOLD | $86.8400 | P&L: -0.05% | RSI: 58.3 | ADX: 30.1
2026-04-26 22:44:36,270 | INFO | 📊 HOLD | $86.8400 | P&L: -0.05% | RSI: 58.3 | ADX: 30.1
2026-04-26 22:44:51,853 | INFO | 📊 HOLD | $86.8300 | P&L: -0.06% | RSI: 57.8 | ADX: 30.1
2026-04-26 22:45:07,670 | INFO | 📊 HOLD | $86.8200 | P&L: -0.07% | RSI: 59.5 | ADX: 29.0
2026-04-26 22:45:23,113 | INFO | 📊 HOLD | $86.8100 | P&L: -0.08% | RSI: 58.8 | ADX: 29.0
2026-04-26 22:45:38,939 | INFO | 📊 HOLD | $86.8200 | P&L: -0.07% | RSI: 59.5 | ADX: 29.0
2026-04-26 22:45:54,387 | INFO | 📊 HOLD | $86.8300 | P&L: -0.06% | RSI: 60.0 | ADX: 29.0
2026-04-26 22:46:09,831 | INFO | 📊 HOLD | $86.8200 | P&L: -0.07% | RSI: 59.5 | ADX: 29.0
2026-04-26 22:46:25,277 | INFO | 📊 HOLD | $86.8200 | P&L: -0.07% | RSI: 59.5 | ADX: 29.0
2026-04-26 22:46:41,290 | INFO | 📊 HOLD | $86.8100 | P&L: -0.08% | RSI: 58.8 | ADX: 29.0
2026-04-26 22:46:56,800 | INFO | 📊 HOLD | $86.8100 | P&L: -0.08% | RSI: 58.8 | ADX: 29.0
2026-04-26 22:47:12,323 | INFO | 📊 HOLD | $86.8200 | P&L: -0.07% | RSI: 59.5 | ADX: 29.0
2026-04-26 22:47:28,253 | INFO | 📊 HOLD | $86.8400 | P&L: -0.05% | RSI: 60.5 | ADX: 29.0
2026-04-26 22:47:43,775 | INFO | 📊 HOLD | $86.8300 | P&L: -0.06% | RSI: 60.0 | ADX: 29.0
2026-04-26 22:47:59,223 | INFO | 📊 HOLD | $86.8400 | P&L: -0.05% | RSI: 60.5 | ADX: 29.0
2026-04-26 22:48:14,683 | INFO | 📊 HOLD | $86.8400 | P&L: -0.05% | RSI: 60.5 | ADX: 29.0
2026-04-26 22:48:30,280 | INFO | 📊 HOLD | $86.8400 | P&L: -0.05% | RSI: 60.5 | ADX: 29.0
2026-04-26 22:48:45,867 | INFO | 📊 HOLD | $86.8400 | P&L: -0.05% | RSI: 60.5 | ADX: 29.0
2026-04-26 22:49:01,302 | INFO | 📊 HOLD | $86.8400 | P&L: -0.05% | RSI: 60.5 | ADX: 29.0
2026-04-26 22:49:16,816 | INFO | 📊 HOLD | $86.8500 | P&L: -0.03% | RSI: 61.0 | ADX: 29.2
2026-04-26 22:49:32,829 | INFO | 📊 HOLD | $86.8400 | P&L: -0.05% | RSI: 60.5 | ADX: 29.2
2026-04-26 22:49:48,485 | INFO | 📊 HOLD | $86.8500 | P&L: -0.03% | RSI: 61.0 | ADX: 29.2
2026-04-26 22:50:03,990 | INFO | 📊 HOLD | $86.8500 | P&L: -0.03% | RSI: 56.8 | ADX: 28.7
2026-04-26 22:50:19,552 | INFO | 📊 HOLD | $86.9100 | P&L: +0.03% | RSI: 60.0 | ADX: 29.8
2026-04-26 22:50:35,605 | INFO | 📊 HOLD | $86.8800 | P&L: +0.00% | RSI: 58.4 | ADX: 29.8
2026-04-26 22:50:51,044 | INFO | 📊 HOLD | $86.8800 | P&L: +0.00% | RSI: 58.4 | ADX: 29.8
2026-04-26 22:51:06,759 | INFO | 📊 HOLD | $86.8600 | P&L: -0.02% | RSI: 57.3 | ADX: 29.8
2026-04-26 22:51:22,390 | INFO | 📊 HOLD | $86.8700 | P&L: -0.01% | RSI: 57.9 | ADX: 29.8
2026-04-26 22:51:37,882 | INFO | 📊 HOLD | $86.8600 | P&L: -0.02% | RSI: 57.3 | ADX: 29.8
2026-04-26 22:51:53,569 | INFO | 📊 HOLD | $86.8600 | P&L: -0.02% | RSI: 57.3 | ADX: 29.8
2026-04-26 22:52:09,565 | INFO | 📊 HOLD | $86.8700 | P&L: -0.01% | RSI: 57.9 | ADX: 29.8
2026-04-26 22:52:25,108 | INFO | 📊 HOLD | $86.8600 | P&L: -0.02% | RSI: 57.3 | ADX: 29.8
2026-04-26 22:52:40,517 | INFO | 📊 HOLD | $86.8700 | P&L: -0.01% | RSI: 57.9 | ADX: 29.8
2026-04-26 22:52:56,410 | INFO | 📊 HOLD | $86.9000 | P&L: +0.02% | RSI: 59.5 | ADX: 29.8
2026-04-26 22:53:12,323 | INFO | 📊 HOLD | $86.8800 | P&L: +0.00% | RSI: 58.4 | ADX: 29.8
2026-04-26 22:53:27,880 | INFO | 📊 HOLD | $86.9000 | P&L: +0.02% | RSI: 59.5 | ADX: 29.8
2026-04-26 22:53:43,776 | INFO | 📊 HOLD | $86.9100 | P&L: +0.03% | RSI: 60.0 | ADX: 29.8
2026-04-26 22:53:59,475 | INFO | 📊 HOLD | $86.9100 | P&L: +0.03% | RSI: 60.0 | ADX: 30.0
2026-04-26 22:54:14,900 | INFO | 📊 HOLD | $86.9200 | P&L: +0.05% | RSI: 60.5 | ADX: 30.0
2026-04-26 22:54:30,396 | INFO | 📊 HOLD | $86.9100 | P&L: +0.03% | RSI: 60.0 | ADX: 30.0
2026-04-26 22:54:45,966 | INFO | 📊 HOLD | $86.9300 | P&L: +0.06% | RSI: 61.0 | ADX: 30.2
2026-04-26 22:55:01,832 | INFO | 📊 HOLD | $86.9300 | P&L: +0.06% | RSI: 54.9 | ADX: 31.1
2026-04-26 22:55:17,268 | INFO | 📊 HOLD | $86.9400 | P&L: +0.07% | RSI: 55.6 | ADX: 31.3
2026-04-26 22:55:32,713 | INFO | 📊 HOLD | $86.9500 | P&L: +0.08% | RSI: 56.2 | ADX: 31.5
2026-04-26 22:55:48,264 | INFO | 📊 HOLD | $86.9700 | P&L: +0.10% | RSI: 57.3 | ADX: 31.9
2026-04-26 22:56:03,790 | INFO | 📊 HOLD | $86.9700 | P&L: +0.10% | RSI: 57.3 | ADX: 31.9
2026-04-26 22:56:19,825 | INFO | 📊 HOLD | $86.9400 | P&L: +0.07% | RSI: 55.6 | ADX: 31.9
2026-04-26 22:56:35,244 | INFO | 📊 HOLD | $86.9500 | P&L: +0.08% | RSI: 56.2 | ADX: 31.9
2026-04-26 22:56:50,825 | INFO | 📊 HOLD | $86.9300 | P&L: +0.06% | RSI: 54.9 | ADX: 31.9
2026-04-26 22:57:06,259 | INFO | 📊 HOLD | $86.9200 | P&L: +0.05% | RSI: 54.3 | ADX: 31.9
2026-04-26 22:57:21,727 | INFO | 📊 HOLD | $86.9200 | P&L: +0.05% | RSI: 54.3 | ADX: 31.9
2026-04-26 22:57:37,183 | INFO | 📊 HOLD | $86.9000 | P&L: +0.02% | RSI: 52.8 | ADX: 31.9
2026-04-26 22:57:52,625 | INFO | 📊 HOLD | $86.9100 | P&L: +0.03% | RSI: 53.5 | ADX: 31.9
2026-04-26 22:58:08,201 | INFO | 📊 HOLD | $86.9000 | P&L: +0.02% | RSI: 52.8 | ADX: 31.9
2026-04-26 22:58:23,762 | INFO | 📊 HOLD | $86.8900 | P&L: +0.01% | RSI: 52.1 | ADX: 31.9
2026-04-26 22:58:39,289 | INFO | 📊 HOLD | $86.9000 | P&L: +0.02% | RSI: 52.8 | ADX: 31.9
2026-04-26 22:58:54,903 | INFO | 📊 HOLD | $86.8800 | P&L: +0.00% | RSI: 51.4 | ADX: 31.9
2026-04-26 22:59:10,375 | INFO | 📊 HOLD | $86.8800 | P&L: +0.00% | RSI: 51.4 | ADX: 31.9
2026-04-26 22:59:26,000 | INFO | 📊 HOLD | $86.8900 | P&L: +0.01% | RSI: 52.1 | ADX: 31.9
2026-04-26 22:59:41,430 | INFO | 📊 HOLD | $86.8900 | P&L: +0.01% | RSI: 52.1 | ADX: 31.9
2026-04-26 22:59:57,214 | INFO | 📊 HOLD | $86.8800 | P&L: +0.00% | RSI: 51.4 | ADX: 31.9
2026-04-26 23:00:13,338 | INFO | 📊 HOLD | $86.9200 | P&L: +0.05% | RSI: 55.3 | ADX: 33.4
2026-04-26 23:00:29,328 | INFO | 📊 HOLD | $86.9400 | P&L: +0.07% | RSI: 56.4 | ADX: 33.4
2026-04-26 23:00:44,895 | INFO | 📊 HOLD | $86.9000 | P&L: +0.02% | RSI: 54.1 | ADX: 33.4
2026-04-26 23:01:00,475 | INFO | 📊 HOLD | $86.9100 | P&L: +0.03% | RSI: 54.7 | ADX: 33.4
2026-04-26 23:01:16,117 | INFO | 📊 HOLD | $86.9000 | P&L: +0.02% | RSI: 54.1 | ADX: 33.4
2026-04-26 23:01:31,604 | INFO | 📊 HOLD | $86.9000 | P&L: +0.02% | RSI: 54.1 | ADX: 33.4
2026-04-26 23:01:47,498 | INFO | 📊 HOLD | $86.8700 | P&L: -0.01% | RSI: 52.1 | ADX: 32.9
2026-04-26 23:02:03,014 | INFO | 📊 HOLD | $86.8500 | P&L: -0.03% | RSI: 50.7 | ADX: 32.0
2026-04-26 23:02:19,394 | INFO | 📊 HOLD | $86.8400 | P&L: -0.05% | RSI: 50.0 | ADX: 31.5
2026-04-26 23:02:34,813 | INFO | 📊 HOLD | $86.8500 | P&L: -0.03% | RSI: 50.7 | ADX: 31.5
2026-04-26 23:02:50,428 | INFO | 📊 HOLD | $86.8700 | P&L: -0.01% | RSI: 52.1 | ADX: 31.5
2026-04-27 00:11:57,213 | INFO | ════════════════════════════════════════════════════════════
2026-04-27 00:11:57,214 | INFO | 🤖  Samer Imperial Bot v4.0  — Self-Learning Edition
2026-04-27 00:11:57,214 | INFO | 💰  الرصيد: $900.00
2026-04-27 00:11:57,214 | INFO | 📊  الزوج: SOL/USDT | Timeframe: 5m
2026-04-27 00:11:57,214 | INFO | 🧠  إجمالي الصفقات: 0 | Win Rate: 0%
2026-04-27 00:11:57,215 | INFO | ════════════════════════════════════════════════════════════
2026-04-27 00:11:57,215 | INFO | 🚀 بدأ البوت — اضغط Ctrl+C للإيقاف
2026-04-27 00:12:01,842 | INFO | 📊 HOLD | $86.9400 | P&L: +0.07% | RSI: 54.8 | ADX: 17.9
2026-04-27 00:12:17,211 | INFO | 📊 HOLD | $86.9500 | P&L: +0.08% | RSI: 55.6 | ADX: 18.4
2026-04-27 00:12:32,565 | INFO | 📊 HOLD | $86.9700 | P&L: +0.10% | RSI: 56.9 | ADX: 18.7
2026-04-27 00:12:47,948 | INFO | 📊 HOLD | $86.9800 | P&L: +0.12% | RSI: 57.6 | ADX: 18.9
2026-04-27 00:13:03,295 | INFO | 📊 HOLD | $87.0200 | P&L: +0.16% | RSI: 60.0 | ADX: 19.7
2026-04-27 00:13:18,668 | INFO | 📊 HOLD | $86.9800 | P&L: +0.12% | RSI: 57.6 | ADX: 19.7
2026-04-27 00:13:34,043 | INFO | 📊 HOLD | $86.9800 | P&L: +0.12% | RSI: 57.6 | ADX: 19.7
2026-04-27 00:13:49,423 | INFO | 📊 HOLD | $86.9700 | P&L: +0.10% | RSI: 56.9 | ADX: 19.7
2026-04-27 00:14:04,779 | INFO | 📊 HOLD | $86.9800 | P&L: +0.12% | RSI: 57.6 | ADX: 19.7
2026-04-27 00:14:20,128 | INFO | 📊 HOLD | $86.9900 | P&L: +0.13% | RSI: 58.2 | ADX: 19.7
2026-04-27 00:14:35,512 | INFO | 📊 HOLD | $87.0000 | P&L: +0.14% | RSI: 58.8 | ADX: 19.7
2026-04-27 00:14:50,854 | INFO | 📊 HOLD | $87.0000 | P&L: +0.14% | RSI: 58.8 | ADX: 19.7
2026-04-27 00:15:06,224 | INFO | 📊 HOLD | $87.0000 | P&L: +0.14% | RSI: 61.5 | ADX: 21.6
2026-04-27 00:15:21,598 | INFO | 📊 HOLD | $86.9800 | P&L: +0.12% | RSI: 59.7 | ADX: 21.6
2026-04-27 00:15:36,980 | INFO | 📊 HOLD | $86.9500 | P&L: +0.08% | RSI: 57.1 | ADX: 21.6
2026-04-27 00:15:52,352 | INFO | 📊 HOLD | $87.0200 | P&L: +0.16% | RSI: 62.7 | ADX: 21.6
2026-04-27 00:16:07,731 | INFO | 📊 HOLD | $87.0500 | P&L: +0.20% | RSI: 64.3 | ADX: 22.2
2026-04-27 00:16:23,077 | INFO | 📊 HOLD | $87.0400 | P&L: +0.18% | RSI: 63.8 | ADX: 22.2
2026-04-27 00:16:38,454 | INFO | 📊 HOLD | $87.0500 | P&L: +0.20% | RSI: 64.3 | ADX: 22.7
2026-04-27 00:16:53,830 | INFO | 📊 HOLD | $87.0500 | P&L: +0.20% | RSI: 64.3 | ADX: 22.7
2026-04-27 00:17:09,207 | INFO | 📊 HOLD | $87.0500 | P&L: +0.20% | RSI: 64.3 | ADX: 22.9
2026-04-27 00:17:24,585 | INFO | 📊 HOLD | $87.0600 | P&L: +0.21% | RSI: 64.8 | ADX: 22.9
2026-04-27 00:17:39,966 | INFO | 📊 HOLD | $87.0700 | P&L: +0.22% | RSI: 65.3 | ADX: 22.9
2026-04-27 00:17:55,340 | INFO | 📊 HOLD | $87.1000 | P&L: +0.25% | RSI: 66.7 | ADX: 23.2
2026-04-27 00:18:10,722 | INFO | 📊 HOLD | $87.1100 | P&L: +0.26% | RSI: 67.1 | ADX: 23.5
2026-04-27 00:18:26,096 | INFO | 📊 HOLD | $87.0900 | P&L: +0.24% | RSI: 66.2 | ADX: 23.5
2026-04-27 00:18:41,477 | INFO | 📊 HOLD | $87.1200 | P&L: +0.28% | RSI: 67.5 | ADX: 23.5
2026-04-27 00:18:56,850 | INFO | 📊 HOLD | $86.9100 | P&L: +0.03% | RSI: 54.1 | ADX: 23.6
2026-04-27 00:19:12,229 | INFO | 📊 HOLD | $86.8300 | P&L: -0.06% | RSI: 48.8 | ADX: 23.6
2026-04-27 00:19:27,606 | INFO | 📊 HOLD | $86.8400 | P&L: -0.05% | RSI: 49.4 | ADX: 23.6
2026-04-27 00:19:42,994 | INFO | 📊 HOLD | $86.8200 | P&L: -0.07% | RSI: 48.2 | ADX: 23.6
2026-04-27 00:19:58,377 | INFO | 📊 HOLD | $86.8200 | P&L: -0.07% | RSI: 48.2 | ADX: 23.6
2026-04-27 00:20:13,732 | INFO | 📊 HOLD | $86.8400 | P&L: -0.05% | RSI: 56.8 | ADX: 27.0
2026-04-27 00:20:29,095 | INFO | 📊 HOLD | $86.8400 | P&L: -0.05% | RSI: 56.8 | ADX: 27.0
2026-04-27 00:20:44,481 | INFO | 📊 HOLD | $86.8500 | P&L: -0.03% | RSI: 57.3 | ADX: 27.0
2026-04-27 00:20:59,829 | INFO | 📊 HOLD | $86.8500 | P&L: -0.03% | RSI: 57.3 | ADX: 27.0
2026-04-27 00:21:15,207 | INFO | 📊 HOLD | $86.8600 | P&L: -0.02% | RSI: 57.9 | ADX: 27.0
2026-04-27 00:21:30,588 | INFO | 📊 HOLD | $86.8500 | P&L: -0.03% | RSI: 57.3 | ADX: 27.0
2026-04-27 00:21:45,947 | INFO | 📊 HOLD | $86.8600 | P&L: -0.02% | RSI: 57.9 | ADX: 27.0
2026-04-27 00:22:01,321 | INFO | 📊 HOLD | $86.8600 | P&L: -0.02% | RSI: 57.9 | ADX: 27.0
2026-04-27 00:22:16,685 | INFO | 📊 HOLD | $86.8600 | P&L: -0.02% | RSI: 57.9 | ADX: 27.0
2026-04-27 00:22:32,058 | INFO | 📊 HOLD | $86.8600 | P&L: -0.02% | RSI: 57.9 | ADX: 27.0
2026-04-27 00:22:47,438 | INFO | 📊 HOLD | $86.8500 | P&L: -0.03% | RSI: 57.3 | ADX: 27.0
2026-04-27 00:23:02,817 | INFO | 📊 HOLD | $86.8500 | P&L: -0.03% | RSI: 57.3 | ADX: 27.0
2026-04-27 00:23:18,193 | INFO | 📊 HOLD | $86.8700 | P&L: -0.01% | RSI: 58.4 | ADX: 27.0
2026-04-27 00:23:33,579 | INFO | 📊 HOLD | $86.8700 | P&L: -0.01% | RSI: 58.4 | ADX: 27.0
2026-04-27 00:23:48,959 | INFO | 📊 HOLD | $86.8600 | P&L: -0.02% | RSI: 57.9 | ADX: 27.0
2026-04-27 00:24:04,339 | INFO | 📊 HOLD | $86.8700 | P&L: -0.01% | RSI: 58.4 | ADX: 27.0
2026-04-27 00:24:19,723 | INFO | 📊 HOLD | $86.8600 | P&L: -0.02% | RSI: 57.9 | ADX: 27.0
2026-04-27 00:24:35,107 | INFO | 📊 HOLD | $86.8600 | P&L: -0.02% | RSI: 57.9 | ADX: 27.0
2026-04-27 00:24:50,489 | INFO | 📊 HOLD | $86.8800 | P&L: +0.00% | RSI: 59.0 | ADX: 27.0
2026-04-27 00:25:05,868 | INFO | 📊 HOLD | $86.8900 | P&L: +0.01% | RSI: 57.9 | ADX: 30.8
2026-04-27 00:25:21,251 | INFO | 📊 HOLD | $86.9000 | P&L: +0.02% | RSI: 58.4 | ADX: 30.8
2026-04-27 00:25:36,607 | INFO | 📊 HOLD | $86.8900 | P&L: +0.01% | RSI: 57.9 | ADX: 30.8
2026-04-27 00:25:51,990 | INFO | 📊 HOLD | $86.9100 | P&L: +0.03% | RSI: 59.0 | ADX: 30.8
2026-04-27 00:26:07,375 | INFO | 📊 HOLD | $86.9100 | P&L: +0.03% | RSI: 59.0 | ADX: 30.8
2026-04-27 00:26:22,734 | INFO | 📊 HOLD | $86.9200 | P&L: +0.05% | RSI: 59.5 | ADX: 30.8
2026-04-27 00:26:38,087 | INFO | 📊 HOLD | $86.9200 | P&L: +0.05% | RSI: 59.5 | ADX: 30.8
2026-04-27 00:26:53,464 | INFO | 📊 HOLD | $86.9100 | P&L: +0.03% | RSI: 59.0 | ADX: 30.8
2026-04-27 00:27:08,837 | INFO | 📊 HOLD | $86.9300 | P&L: +0.06% | RSI: 60.0 | ADX: 31.0
2026-04-27 00:27:24,199 | INFO | 📊 HOLD | $86.9500 | P&L: +0.08% | RSI: 61.0 | ADX: 31.0
2026-04-27 00:27:39,547 | INFO | 📊 HOLD | $86.9100 | P&L: +0.03% | RSI: 59.0 | ADX: 31.0
2026-04-27 00:27:54,917 | INFO | 📊 HOLD | $86.9200 | P&L: +0.05% | RSI: 59.5 | ADX: 31.0
2026-04-27 00:28:10,267 | INFO | 📊 HOLD | $86.9100 | P&L: +0.03% | RSI: 59.0 | ADX: 31.0
2026-04-27 00:28:25,653 | INFO | 📊 HOLD | $86.8800 | P&L: +0.00% | RSI: 57.3 | ADX: 31.0
2026-04-27 00:28:41,004 | INFO | 📊 HOLD | $86.8700 | P&L: -0.01% | RSI: 56.8 | ADX: 31.0
2026-04-27 00:28:56,351 | INFO | 📊 HOLD | $86.8600 | P&L: -0.02% | RSI: 56.0 | ADX: 31.0
2026-04-27 00:29:11,726 | INFO | 📊 HOLD | $86.8400 | P&L: -0.05% | RSI: 54.5 | ADX: 31.0
2026-04-27 00:29:27,104 | INFO | 📊 HOLD | $86.8300 | P&L: -0.06% | RSI: 53.8 | ADX: 31.0
2026-04-27 00:29:42,467 | INFO | 📊 HOLD | $86.8300 | P&L: -0.06% | RSI: 53.8 | ADX: 31.0
2026-04-27 00:29:57,821 | INFO | 📊 HOLD | $86.8200 | P&L: -0.07% | RSI: 53.2 | ADX: 31.0
2026-04-27 00:30:13,187 | INFO | 📊 HOLD | $86.8100 | P&L: -0.08% | RSI: 51.3 | ADX: 34.1
2026-04-27 00:30:28,560 | INFO | 📊 HOLD | $86.8200 | P&L: -0.07% | RSI: 51.9 | ADX: 34.1
2026-04-27 00:30:43,936 | INFO | 📊 HOLD | $86.8000 | P&L: -0.09% | RSI: 50.6 | ADX: 34.1
2026-04-27 00:30:59,316 | INFO | 📊 HOLD | $86.8000 | P&L: -0.09% | RSI: 50.6 | ADX: 34.1
2026-04-27 00:31:14,689 | INFO | 📊 HOLD | $86.7900 | P&L: -0.10% | RSI: 50.0 | ADX: 33.6
2026-04-27 00:31:30,545 | INFO | 📊 HOLD | $86.8000 | P&L: -0.09% | RSI: 50.6 | ADX: 33.6
2026-04-27 00:31:45,923 | INFO | 📊 HOLD | $86.7800 | P&L: -0.12% | RSI: 49.4 | ADX: 32.7
2026-04-27 00:32:01,290 | INFO | 📊 HOLD | $86.7400 | P&L: -0.16% | RSI: 47.1 | ADX: 31.5
2026-04-27 00:32:16,666 | INFO | 📊 HOLD | $86.7800 | P&L: -0.12% | RSI: 49.4 | ADX: 31.5
2026-04-27 00:32:32,038 | INFO | 📊 HOLD | $86.7200 | P&L: -0.18% | RSI: 46.0 | ADX: 30.8
2026-04-27 00:32:47,414 | INFO | 📊 HOLD | $86.6900 | P&L: -0.22% | RSI: 44.4 | ADX: 29.0
2026-04-27 00:33:02,783 | INFO | 📊 HOLD | $86.6900 | P&L: -0.22% | RSI: 44.4 | ADX: 29.0
2026-04-27 00:33:18,174 | INFO | 📊 HOLD | $86.5500 | P&L: -0.38% | RSI: 38.5 | ADX: 28.2
2026-04-27 00:33:33,544 | INFO | 📊 HOLD | $86.5800 | P&L: -0.35% | RSI: 39.6 | ADX: 28.2
2026-04-27 00:33:48,914 | INFO | 📊 HOLD | $86.5300 | P&L: -0.40% | RSI: 37.7 | ADX: 28.4
2026-04-27 00:34:04,263 | INFO | 📊 HOLD | $86.4400 | P&L: -0.51% | RSI: 34.8 | ADX: 29.2
2026-04-27 00:34:19,634 | INFO | 📊 HOLD | $86.4700 | P&L: -0.47% | RSI: 35.7 | ADX: 29.2
2026-04-27 00:34:35,005 | INFO | 📊 HOLD | $86.4800 | P&L: -0.46% | RSI: 36.0 | ADX: 29.2
2026-04-27 00:34:50,380 | INFO | 📊 HOLD | $86.4800 | P&L: -0.46% | RSI: 36.0 | ADX: 29.2
2026-04-27 00:35:05,756 | INFO | 📊 HOLD | $86.4900 | P&L: -0.45% | RSI: 36.4 | ADX: 27.5
2026-04-27 00:35:21,128 | INFO | 📊 HOLD | $86.4900 | P&L: -0.45% | RSI: 36.4 | ADX: 27.5
2026-04-27 00:35:36,484 | INFO | 📊 HOLD | $86.5100 | P&L: -0.43% | RSI: 37.5 | ADX: 27.5
2026-04-27 00:35:51,855 | INFO | 📊 HOLD | $86.5000 | P&L: -0.44% | RSI: 36.9 | ADX: 27.5
2026-04-27 00:36:07,224 | INFO | 📊 HOLD | $86.5000 | P&L: -0.44% | RSI: 36.9 | ADX: 27.5
2026-04-27 00:36:22,593 | INFO | 📊 HOLD | $86.4900 | P&L: -0.45% | RSI: 36.4 | ADX: 27.5
2026-04-27 00:36:37,970 | INFO | 📊 HOLD | $86.5000 | P&L: -0.44% | RSI: 36.9 | ADX: 27.5
2026-04-27 00:36:53,332 | INFO | 📊 HOLD | $86.4600 | P&L: -0.48% | RSI: 35.4 | ADX: 27.5
2026-04-27 00:37:09,328 | INFO | 📊 HOLD | $86.4200 | P&L: -0.53% | RSI: 34.2 | ADX: 28.0
2026-04-27 00:37:24,690 | INFO | 📊 HOLD | $86.4300 | P&L: -0.52% | RSI: 34.5 | ADX: 28.0
2026-04-27 00:37:40,062 | INFO | 📊 HOLD | $86.4300 | P&L: -0.52% | RSI: 34.5 | ADX: 28.0
2026-04-27 00:37:55,442 | INFO | 📊 HOLD | $86.4500 | P&L: -0.49% | RSI: 35.1 | ADX: 28.0
2026-04-27 00:38:10,819 | INFO | 📊 HOLD | $86.4400 | P&L: -0.51% | RSI: 34.8 | ADX: 28.0
2026-04-27 00:38:26,165 | INFO | 📊 HOLD | $86.4500 | P&L: -0.49% | RSI: 35.1 | ADX: 28.0
2026-04-27 00:38:41,507 | INFO | 📊 HOLD | $86.4600 | P&L: -0.48% | RSI: 35.4 | ADX: 28.0
2026-04-27 00:38:56,848 | INFO | 📊 HOLD | $86.4500 | P&L: -0.49% | RSI: 35.1 | ADX: 28.0
2026-04-27 00:39:12,223 | INFO | 📊 HOLD | $86.5100 | P&L: -0.43% | RSI: 37.5 | ADX: 28.0
2026-04-27 00:39:27,603 | INFO | 📊 HOLD | $86.5000 | P&L: -0.44% | RSI: 36.9 | ADX: 28.0
2026-04-27 00:39:42,973 | INFO | 📊 HOLD | $86.5100 | P&L: -0.43% | RSI: 37.5 | ADX: 28.0
2026-04-27 00:39:58,347 | INFO | 📊 HOLD | $86.4800 | P&L: -0.46% | RSI: 36.0 | ADX: 28.0
2026-04-27 00:40:13,719 | INFO | 📊 HOLD | $86.4200 | P&L: -0.53% | RSI: 33.6 | ADX: 27.0
2026-04-27 00:40:29,095 | INFO | 📊 HOLD | $86.4700 | P&L: -0.47% | RSI: 35.1 | ADX: 27.0
2026-04-27 00:40:44,473 | INFO | 📊 HOLD | $86.4400 | P&L: -0.51% | RSI: 34.2 | ADX: 27.0
2026-04-27 00:40:59,845 | INFO | 📊 HOLD | $86.4400 | P&L: -0.51% | RSI: 34.2 | ADX: 27.0
2026-04-27 00:41:15,219 | INFO | 📊 HOLD | $86.4400 | P&L: -0.51% | RSI: 34.2 | ADX: 27.0
2026-04-27 00:41:30,592 | INFO | 📊 HOLD | $86.4200 | P&L: -0.53% | RSI: 33.6 | ADX: 27.0
2026-04-27 00:41:45,968 | INFO | 📊 HOLD | $86.4100 | P&L: -0.54% | RSI: 33.3 | ADX: 27.0
2026-04-27 00:42:01,351 | INFO | 📊 HOLD | $86.4200 | P&L: -0.53% | RSI: 33.6 | ADX: 27.0
2026-04-27 00:42:16,709 | INFO | 📊 HOLD | $86.4100 | P&L: -0.54% | RSI: 33.3 | ADX: 27.3
2026-04-27 00:42:32,063 | INFO | 📊 HOLD | $86.4200 | P&L: -0.53% | RSI: 33.6 | ADX: 27.3
2026-04-27 00:42:47,423 | INFO | 📊 HOLD | $86.4200 | P&L: -0.53% | RSI: 33.6 | ADX: 27.3
2026-04-27 00:43:02,799 | INFO | 📊 HOLD | $86.4200 | P&L: -0.53% | RSI: 33.6 | ADX: 27.3
2026-04-27 00:43:18,964 | INFO | 📊 HOLD | $86.4400 | P&L: -0.51% | RSI: 34.2 | ADX: 27.3
2026-04-27 00:43:34,350 | INFO | 📊 HOLD | $86.4400 | P&L: -0.51% | RSI: 34.2 | ADX: 27.3
2026-04-27 00:43:50,610 | INFO | 📊 HOLD | $86.4300 | P&L: -0.52% | RSI: 33.9 | ADX: 27.3
2026-04-27 00:44:06,058 | INFO | 📊 HOLD | $86.4700 | P&L: -0.47% | RSI: 35.1 | ADX: 27.3
2026-04-27 00:44:21,422 | INFO | 📊 HOLD | $86.4800 | P&L: -0.46% | RSI: 35.7 | ADX: 27.3
2026-04-27 00:44:36,786 | INFO | 📊 HOLD | $86.4500 | P&L: -0.49% | RSI: 34.5 | ADX: 27.3
2026-04-27 00:44:52,154 | INFO | 📊 HOLD | $86.4500 | P&L: -0.49% | RSI: 34.5 | ADX: 27.3
2026-04-27 00:45:07,521 | INFO | 📊 HOLD | $86.4100 | P&L: -0.54% | RSI: 33.3 | ADX: 26.7
2026-04-27 00:45:22,899 | INFO | 📊 HOLD | $86.3500 | P&L: -0.61% | RSI: 31.7 | ADX: 27.8
2026-04-27 00:45:38,274 | INFO | 📊 HOLD | $86.3700 | P&L: -0.59% | RSI: 32.2 | ADX: 27.8
2026-04-27 00:45:53,622 | INFO | 📊 HOLD | $86.3500 | P&L: -0.61% | RSI: 31.7 | ADX: 27.8
2026-04-27 00:46:08,979 | INFO | 📊 HOLD | $86.3500 | P&L: -0.61% | RSI: 31.7 | ADX: 27.8
2026-04-27 00:46:24,361 | INFO | 📊 HOLD | $86.3700 | P&L: -0.59% | RSI: 32.2 | ADX: 27.8
2026-04-27 00:46:39,733 | INFO | 📊 HOLD | $86.2700 | P&L: -0.70% | RSI: 29.8 | ADX: 29.5
2026-04-27 00:46:55,083 | INFO | 📊 HOLD | $86.3500 | P&L: -0.61% | RSI: 31.7 | ADX: 29.5
2026-04-27 00:47:10,527 | INFO | 📊 HOLD | $86.3400 | P&L: -0.62% | RSI: 31.5 | ADX: 29.5
2026-04-27 00:47:25,896 | INFO | 📊 HOLD | $86.3100 | P&L: -0.66% | RSI: 30.7 | ADX: 29.5
2026-04-27 00:47:41,269 | INFO | 📊 HOLD | $86.3100 | P&L: -0.66% | RSI: 30.7 | ADX: 29.5
2026-04-27 00:47:56,770 | INFO | 📊 HOLD | $86.3100 | P&L: -0.66% | RSI: 30.7 | ADX: 29.5
2026-04-27 00:48:12,144 | INFO | 📊 HOLD | $86.3400 | P&L: -0.62% | RSI: 31.5 | ADX: 29.5
2026-04-27 00:48:27,511 | INFO | 📊 HOLD | $86.3500 | P&L: -0.61% | RSI: 31.7 | ADX: 29.5
2026-04-27 00:48:42,872 | INFO | 📊 HOLD | $86.3600 | P&L: -0.60% | RSI: 32.0 | ADX: 29.5
2026-04-27 00:48:58,240 | INFO | 📊 HOLD | $86.3800 | P&L: -0.58% | RSI: 32.5 | ADX: 29.5
2026-04-27 00:49:13,619 | INFO | 📊 HOLD | $86.3800 | P&L: -0.58% | RSI: 32.5 | ADX: 29.5
2026-04-27 00:49:28,994 | INFO | 📊 HOLD | $86.3300 | P&L: -0.63% | RSI: 31.2 | ADX: 29.5
2026-04-27 00:49:44,363 | INFO | 📊 HOLD | $86.3300 | P&L: -0.63% | RSI: 31.2 | ADX: 29.5
2026-04-27 00:49:59,728 | INFO | 📊 HOLD | $86.3600 | P&L: -0.60% | RSI: 32.0 | ADX: 29.5
2026-04-27 00:50:15,103 | INFO | 📊 HOLD | $86.3600 | P&L: -0.60% | RSI: 32.5 | ADX: 31.4
2026-04-27 00:50:30,486 | INFO | 📊 HOLD | $86.3600 | P&L: -0.60% | RSI: 32.5 | ADX: 31.4
2026-04-27 00:50:45,849 | INFO | 📊 HOLD | $86.3700 | P&L: -0.59% | RSI: 33.1 | ADX: 31.4
2026-04-27 00:51:01,233 | INFO | 📊 HOLD | $86.3600 | P&L: -0.60% | RSI: 32.5 | ADX: 31.4
2026-04-27 00:51:16,607 | INFO | 📊 HOLD | $86.3600 | P&L: -0.60% | RSI: 32.5 | ADX: 31.4
2026-04-27 00:51:31,983 | INFO | 📊 HOLD | $86.3300 | P&L: -0.63% | RSI: 31.7 | ADX: 31.4
2026-04-27 00:51:47,354 | INFO | 📊 HOLD | $86.3100 | P&L: -0.66% | RSI: 31.2 | ADX: 31.4
2026-04-27 00:52:02,726 | INFO | 📊 HOLD | $86.3200 | P&L: -0.64% | RSI: 31.5 | ADX: 31.4
2026-04-27 00:52:18,075 | INFO | 📊 HOLD | $86.3100 | P&L: -0.66% | RSI: 31.2 | ADX: 31.4
2026-04-27 00:52:33,449 | INFO | 📊 HOLD | $86.3700 | P&L: -0.59% | RSI: 33.1 | ADX: 31.4
2026-04-27 00:52:48,809 | INFO | 📊 HOLD | $86.3400 | P&L: -0.62% | RSI: 32.0 | ADX: 31.4
2026-04-27 00:53:04,164 | INFO | 📊 HOLD | $86.3500 | P&L: -0.61% | RSI: 32.2 | ADX: 31.4
2026-04-27 00:53:19,549 | INFO | 📊 HOLD | $86.3500 | P&L: -0.61% | RSI: 32.2 | ADX: 31.4
2026-04-27 00:53:34,922 | INFO | 📊 HOLD | $86.3500 | P&L: -0.61% | RSI: 32.2 | ADX: 31.4
2026-04-27 00:53:50,305 | INFO | 📊 HOLD | $86.3200 | P&L: -0.64% | RSI: 31.5 | ADX: 31.4
2026-04-27 00:54:05,691 | INFO | 📊 HOLD | $86.3100 | P&L: -0.66% | RSI: 31.2 | ADX: 31.4
2026-04-27 00:54:21,041 | INFO | 📊 HOLD | $86.3100 | P&L: -0.66% | RSI: 31.2 | ADX: 31.4
2026-04-27 00:54:36,394 | INFO | 📊 HOLD | $86.2900 | P&L: -0.68% | RSI: 30.7 | ADX: 31.4
2026-04-27 00:54:51,767 | INFO | 📊 HOLD | $86.3800 | P&L: -0.58% | RSI: 33.6 | ADX: 31.4
2026-04-27 00:55:07,152 | INFO | 📊 HOLD | $86.7900 | P&L: -0.10% | RSI: 49.7 | ADX: 25.2
2026-04-27 00:55:22,523 | INFO | 📊 HOLD | $86.8900 | P&L: +0.01% | RSI: 52.6 | ADX: 26.7
2026-04-27 00:55:37,899 | INFO | 📊 HOLD | $86.7200 | P&L: -0.18% | RSI: 47.4 | ADX: 27.4
2026-04-27 00:55:53,284 | INFO | 📊 HOLD | $86.6000 | P&L: -0.32% | RSI: 43.0 | ADX: 27.4
2026-04-27 00:56:08,632 | INFO | 📊 HOLD | $86.6300 | P&L: -0.29% | RSI: 44.1 | ADX: 27.4
2026-04-27 00:56:24,007 | INFO | 📊 HOLD | $86.7400 | P&L: -0.16% | RSI: 48.1 | ADX: 27.4
2026-04-27 00:56:39,360 | INFO | 📊 HOLD | $86.8000 | P&L: -0.09% | RSI: 50.0 | ADX: 27.4
2026-04-27 00:56:54,736 | INFO | 📊 HOLD | $86.7900 | P&L: -0.10% | RSI: 49.7 | ADX: 27.4
2026-04-27 00:57:10,090 | INFO | 📊 HOLD | $86.8400 | P&L: -0.05% | RSI: 51.2 | ADX: 27.4
2026-04-27 00:57:25,455 | INFO | 📊 HOLD | $86.8100 | P&L: -0.08% | RSI: 50.3 | ADX: 27.4
2026-04-27 00:57:40,823 | INFO | 📊 HOLD | $86.7900 | P&L: -0.10% | RSI: 49.7 | ADX: 27.4
2026-04-27 00:57:56,199 | INFO | 📊 HOLD | $86.7500 | P&L: -0.15% | RSI: 48.4 | ADX: 27.4
2026-04-27 00:58:11,573 | INFO | 📊 HOLD | $86.7800 | P&L: -0.12% | RSI: 49.4 | ADX: 27.4
2026-04-27 00:58:26,938 | INFO | 📊 HOLD | $86.7900 | P&L: -0.10% | RSI: 49.7 | ADX: 27.4
2026-04-27 00:58:42,297 | INFO | 📊 HOLD | $86.7400 | P&L: -0.16% | RSI: 48.1 | ADX: 27.4
2026-04-27 00:58:57,671 | INFO | 📊 HOLD | $86.7400 | P&L: -0.16% | RSI: 48.1 | ADX: 27.4
2026-04-27 00:59:13,046 | INFO | 📊 HOLD | $86.7400 | P&L: -0.16% | RSI: 48.1 | ADX: 27.4
2026-04-27 00:59:28,428 | INFO | 📊 HOLD | $86.7600 | P&L: -0.14% | RSI: 48.7 | ADX: 27.4
2026-04-27 00:59:43,771 | INFO | 📊 HOLD | $86.7600 | P&L: -0.14% | RSI: 48.7 | ADX: 27.4
2026-04-27 00:59:59,144 | INFO | 📊 HOLD | $86.8200 | P&L: -0.07% | RSI: 50.6 | ADX: 27.4
2026-04-27 01:00:14,533 | INFO | 📊 HOLD | $86.8700 | P&L: -0.01% | RSI: 53.3 | ADX: 27.0
2026-04-27 01:00:29,913 | INFO | 📊 HOLD | $86.8900 | P&L: +0.01% | RSI: 53.9 | ADX: 27.0
2026-04-27 01:00:45,261 | INFO | 📊 HOLD | $86.8500 | P&L: -0.03% | RSI: 52.8 | ADX: 27.0
2026-04-27 01:01:00,630 | INFO | 📊 HOLD | $86.9000 | P&L: +0.02% | RSI: 54.2 | ADX: 27.0
2026-04-27 01:01:15,985 | INFO | 📊 HOLD | $86.8800 | P&L: +0.00% | RSI: 53.6 | ADX: 27.0
2026-04-27 01:01:31,360 | INFO | 📊 HOLD | $86.8700 | P&L: -0.01% | RSI: 53.3 | ADX: 27.0
2026-04-27 01:01:46,721 | INFO | 📊 HOLD | $86.9200 | P&L: +0.05% | RSI: 54.7 | ADX: 27.0
2026-04-27 01:02:02,098 | INFO | 📊 HOLD | $86.9400 | P&L: +0.07% | RSI: 55.2 | ADX: 27.0
2026-04-27 01:02:17,477 | INFO | 📊 HOLD | $86.9900 | P&L: +0.13% | RSI: 56.5 | ADX: 27.2
2026-04-27 01:02:33,041 | INFO | 📊 HOLD | $87.0600 | P&L: +0.21% | RSI: 58.2 | ADX: 28.0
2026-04-27 01:02:48,418 | INFO | 📊 HOLD | $87.0300 | P&L: +0.17% | RSI: 57.5 | ADX: 28.0
2026-04-27 01:03:03,766 | INFO | 📊 HOLD | $87.0400 | P&L: +0.18% | RSI: 57.7 | ADX: 28.0
2026-04-27 01:03:19,120 | INFO | 📊 HOLD | $86.9700 | P&L: +0.10% | RSI: 56.0 | ADX: 28.0
2026-04-27 01:03:34,512 | INFO | 📊 HOLD | $86.8600 | P&L: -0.02% | RSI: 53.0 | ADX: 28.0
2026-04-27 01:03:49,887 | INFO | 📊 HOLD | $86.8700 | P&L: -0.01% | RSI: 53.3 | ADX: 28.0
2026-04-27 01:04:05,262 | INFO | 📊 HOLD | $86.8200 | P&L: -0.07% | RSI: 51.9 | ADX: 28.0
2026-04-27 01:04:20,705 | INFO | 📊 HOLD | $86.8000 | P&L: -0.09% | RSI: 51.2 | ADX: 28.0
2026-04-27 01:04:36,339 | INFO | 📊 HOLD | $86.7700 | P&L: -0.13% | RSI: 50.3 | ADX: 28.0
2026-04-27 01:04:51,706 | INFO | 📊 HOLD | $86.7800 | P&L: -0.12% | RSI: 50.6 | ADX: 28.0
2026-04-27 01:05:07,087 | INFO | 📊 HOLD | $86.7900 | P&L: -0.10% | RSI: 53.5 | ADX: 28.5
2026-04-27 01:05:22,461 | INFO | 📊 HOLD | $86.8100 | P&L: -0.08% | RSI: 54.2 | ADX: 28.5
2026-04-27 01:05:38,882 | INFO | 📊 HOLD | $86.8100 | P&L: -0.08% | RSI: 54.2 | ADX: 28.5
2026-04-27 01:05:54,265 | INFO | 📊 HOLD | $86.8800 | P&L: +0.00% | RSI: 56.2 | ADX: 28.5
2026-04-27 01:06:09,625 | INFO | 📊 HOLD | $86.9000 | P&L: +0.02% | RSI: 56.8 | ADX: 28.5
2026-04-27 01:06:24,982 | INFO | 📊 HOLD | $86.8900 | P&L: +0.01% | RSI: 56.5 | ADX: 28.5
2026-04-27 01:06:40,334 | INFO | 📊 HOLD | $86.8600 | P&L: -0.02% | RSI: 55.7 | ADX: 28.5
2026-04-27 01:06:55,699 | INFO | 📊 HOLD | $86.8300 | P&L: -0.06% | RSI: 54.8 | ADX: 28.5
2026-04-27 01:07:11,072 | INFO | 📊 HOLD | $86.8600 | P&L: -0.02% | RSI: 55.7 | ADX: 28.5
2026-04-27 01:07:26,580 | INFO | 📊 HOLD | $86.8300 | P&L: -0.06% | RSI: 54.8 | ADX: 28.5
2026-04-27 01:07:41,952 | INFO | 📊 HOLD | $86.8600 | P&L: -0.02% | RSI: 55.7 | ADX: 27.9
2026-04-27 01:07:57,295 | INFO | 📊 HOLD | $86.8600 | P&L: -0.02% | RSI: 55.7 | ADX: 27.9
2026-04-27 01:08:12,676 | INFO | 📊 HOLD | $86.8700 | P&L: -0.01% | RSI: 56.0 | ADX: 27.9
2026-04-27 01:08:28,058 | INFO | 📊 HOLD | $86.8900 | P&L: +0.01% | RSI: 56.5 | ADX: 27.9
2026-04-27 01:08:43,431 | INFO | 📊 HOLD | $86.9400 | P&L: +0.07% | RSI: 57.8 | ADX: 27.9
2026-04-27 01:08:58,807 | INFO | 📊 HOLD | $86.9200 | P&L: +0.05% | RSI: 57.3 | ADX: 27.9
2026-04-27 01:09:14,180 | INFO | 📊 HOLD | $86.9600 | P&L: +0.09% | RSI: 58.3 | ADX: 27.9
2026-04-27 01:09:29,558 | INFO | 📊 HOLD | $87.0200 | P&L: +0.16% | RSI: 59.8 | ADX: 27.9
2026-04-27 01:09:44,933 | INFO | 📊 HOLD | $86.9800 | P&L: +0.12% | RSI: 58.8 | ADX: 27.9
2026-04-27 01:10:00,308 | INFO | 📊 HOLD | $87.0000 | P&L: +0.14% | RSI: 59.3 | ADX: 27.9
2026-04-27 01:10:15,681 | INFO | 📊 HOLD | $86.9900 | P&L: +0.13% | RSI: 55.1 | ADX: 27.9
2026-04-27 01:10:31,050 | INFO | 📊 HOLD | $86.9300 | P&L: +0.06% | RSI: 53.1 | ADX: 27.9
2026-04-27 01:10:46,421 | INFO | 📊 HOLD | $86.9300 | P&L: +0.06% | RSI: 53.1 | ADX: 27.9
2026-04-27 01:11:01,795 | INFO | 📊 HOLD | $86.9400 | P&L: +0.07% | RSI: 53.4 | ADX: 27.9
2026-04-27 01:11:17,169 | INFO | 📊 HOLD | $86.9400 | P&L: +0.07% | RSI: 53.4 | ADX: 27.9
2026-04-27 01:11:32,546 | INFO | 📊 HOLD | $86.8900 | P&L: +0.01% | RSI: 51.8 | ADX: 27.9
2026-04-27 01:11:47,918 | INFO | 📊 HOLD | $86.9000 | P&L: +0.02% | RSI: 52.1 | ADX: 27.9
2026-04-27 01:12:03,293 | INFO | 📊 HOLD | $86.9100 | P&L: +0.03% | RSI: 52.4 | ADX: 27.9
2026-04-27 01:12:18,666 | INFO | 📊 HOLD | $86.9500 | P&L: +0.08% | RSI: 53.8 | ADX: 27.9
2026-04-27 01:12:34,048 | INFO | 📊 HOLD | $86.9500 | P&L: +0.08% | RSI: 53.8 | ADX: 27.9
2026-04-27 01:12:49,420 | INFO | 📊 HOLD | $86.9700 | P&L: +0.10% | RSI: 54.4 | ADX: 27.9
2026-04-27 01:13:04,795 | INFO | 📊 HOLD | $86.9700 | P&L: +0.10% | RSI: 54.4 | ADX: 27.9
2026-04-27 01:13:20,169 | INFO | 📊 HOLD | $86.9600 | P&L: +0.09% | RSI: 54.1 | ADX: 27.9
2026-04-27 01:13:35,542 | INFO | 📊 HOLD | $86.9700 | P&L: +0.10% | RSI: 54.4 | ADX: 27.9
2026-04-27 01:13:50,915 | INFO | 📊 HOLD | $86.9500 | P&L: +0.08% | RSI: 53.8 | ADX: 27.9
2026-04-27 01:14:06,289 | INFO | 📊 HOLD | $86.9500 | P&L: +0.08% | RSI: 53.8 | ADX: 27.9
2026-04-27 01:14:21,661 | INFO | 📊 HOLD | $86.9800 | P&L: +0.12% | RSI: 54.8 | ADX: 27.9
2026-04-27 01:14:37,037 | INFO | 📊 HOLD | $86.9700 | P&L: +0.10% | RSI: 54.4 | ADX: 27.9
2026-04-27 01:14:52,419 | INFO | 📊 HOLD | $86.9900 | P&L: +0.13% | RSI: 55.1 | ADX: 27.9
2026-04-27 01:15:07,793 | INFO | 📊 HOLD | $86.9900 | P&L: +0.13% | RSI: 53.6 | ADX: 27.9
2026-04-27 01:15:23,171 | INFO | 📊 HOLD | $87.0700 | P&L: +0.22% | RSI: 56.0 | ADX: 28.8
2026-04-27 01:15:38,553 | INFO | 📊 HOLD | $87.2500 | P&L: +0.43% | RSI: 60.5 | ADX: 30.9
2026-04-27 01:15:53,925 | INFO | 📊 HOLD | $87.1600 | P&L: +0.32% | RSI: 58.3 | ADX: 30.9
2026-04-27 01:16:09,300 | INFO | 📊 HOLD | $87.2000 | P&L: +0.37% | RSI: 59.3 | ADX: 30.9
2026-04-27 01:16:24,677 | INFO | 📊 HOLD | $87.1400 | P&L: +0.30% | RSI: 57.8 | ADX: 30.9
2026-04-27 01:16:40,048 | INFO | 📊 HOLD | $87.2000 | P&L: +0.37% | RSI: 59.3 | ADX: 30.9
2026-04-27 01:16:55,424 | INFO | 📊 HOLD | $87.1900 | P&L: +0.36% | RSI: 59.1 | ADX: 30.9
2026-04-27 01:17:10,799 | INFO | 📊 HOLD | $87.1400 | P&L: +0.30% | RSI: 57.8 | ADX: 30.9
2026-04-27 10:01:58,101 | WARNING | 🌐 خطأ في الشبكة: binance GET https://api.binance.com/api/v3/klines?interval=5m&limit=300&symbol=SOLUSDT — سيعاد المحاولة خلال 30 ثانية
2026-04-27 10:02:28,963 | INFO | 📊 HOLD | $85.7700 | P&L: -1.28% | RSI: 43.6 | ADX: 59.8
2026-04-27 10:02:44,340 | INFO | 📊 HOLD | $85.6900 | P&L: -1.37% | RSI: 40.5 | ADX: 59.8
2026-04-27 10:02:59,710 | INFO | 📊 HOLD | $85.7300 | P&L: -1.32% | RSI: 41.9 | ADX: 59.8
2026-04-27 10:03:15,160 | INFO | 📊 HOLD | $85.7200 | P&L: -1.34% | RSI: 41.4 | ADX: 59.8
2026-04-27 10:03:30,516 | INFO | 📊 HOLD | $85.7500 | P&L: -1.30% | RSI: 42.7 | ADX: 59.8
2026-04-27 10:03:45,876 | INFO | 📊 HOLD | $85.7700 | P&L: -1.28% | RSI: 43.6 | ADX: 59.8
2026-04-27 10:04:01,245 | INFO | 📊 HOLD | $85.7500 | P&L: -1.30% | RSI: 42.7 | ADX: 59.8
2026-04-27 10:04:16,877 | INFO | 📊 HOLD | $85.7300 | P&L: -1.32% | RSI: 41.9 | ADX: 59.8
2026-04-27 10:04:32,257 | INFO | 📊 HOLD | $85.7300 | P&L: -1.32% | RSI: 41.9 | ADX: 59.8
2026-04-27 10:04:47,700 | INFO | 📊 HOLD | $85.7300 | P&L: -1.32% | RSI: 41.9 | ADX: 59.8
2026-04-27 10:05:05,941 | INFO | 📊 HOLD | $85.6800 | P&L: -1.38% | RSI: 39.7 | ADX: 57.6
2026-04-27 10:05:21,287 | INFO | 📊 HOLD | $85.6800 | P&L: -1.38% | RSI: 39.7 | ADX: 57.8
2026-04-27 10:05:36,660 | INFO | 📊 HOLD | $85.6700 | P&L: -1.39% | RSI: 39.4 | ADX: 57.8
2026-04-27 10:05:52,036 | INFO | 📊 HOLD | $85.6500 | P&L: -1.42% | RSI: 38.8 | ADX: 58.2
2026-04-27 10:06:08,713 | INFO | 📊 HOLD | $85.6200 | P&L: -1.45% | RSI: 38.0 | ADX: 58.4
2026-04-27 10:06:24,084 | INFO | 📊 HOLD | $85.6700 | P&L: -1.39% | RSI: 39.4 | ADX: 58.5
2026-04-27 10:06:39,450 | INFO | 📊 HOLD | $85.6800 | P&L: -1.38% | RSI: 39.7 | ADX: 58.5
2026-04-27 10:06:54,816 | INFO | 📊 HOLD | $85.6800 | P&L: -1.38% | RSI: 39.7 | ADX: 58.5
2026-04-27 10:07:10,180 | INFO | 📊 HOLD | $85.6700 | P&L: -1.39% | RSI: 39.4 | ADX: 58.5
2026-04-27 10:07:25,529 | INFO | 📊 HOLD | $85.6600 | P&L: -1.40% | RSI: 39.1 | ADX: 58.5
2026-04-27 10:07:40,878 | INFO | 📊 HOLD | $85.6500 | P&L: -1.42% | RSI: 38.8 | ADX: 58.5
2026-04-27 10:07:57,730 | INFO | 📊 HOLD | $85.6600 | P&L: -1.40% | RSI: 39.1 | ADX: 58.5
2026-04-27 10:08:13,097 | INFO | 📊 HOLD | $85.6400 | P&L: -1.43% | RSI: 38.5 | ADX: 58.5
2026-04-27 10:08:28,610 | INFO | 📊 HOLD | $85.6200 | P&L: -1.45% | RSI: 38.0 | ADX: 58.5
2026-04-27 10:08:43,982 | INFO | 📊 HOLD | $85.6300 | P&L: -1.44% | RSI: 38.2 | ADX: 58.5
2026-04-27 10:08:59,360 | INFO | 📊 HOLD | $85.6200 | P&L: -1.45% | RSI: 38.0 | ADX: 58.5
2026-04-27 10:09:14,737 | INFO | 📊 HOLD | $85.6100 | P&L: -1.46% | RSI: 37.7 | ADX: 58.6
2026-04-27 10:09:30,078 | INFO | 📊 HOLD | $85.6000 | P&L: -1.47% | RSI: 37.4 | ADX: 58.6
2026-04-27 10:09:45,465 | INFO | 📊 HOLD | $85.6100 | P&L: -1.46% | RSI: 37.7 | ADX: 58.6
2026-04-27 10:10:01,139 | INFO | 📊 HOLD | $85.6100 | P&L: -1.46% | RSI: 43.0 | ADX: 57.6
2026-04-27 10:10:16,537 | INFO | 📊 HOLD | $85.6100 | P&L: -1.46% | RSI: 43.0 | ADX: 57.6
2026-04-27 10:10:31,912 | INFO | 📊 HOLD | $85.6300 | P&L: -1.44% | RSI: 43.8 | ADX: 57.6
2026-04-27 10:10:47,260 | INFO | 📊 HOLD | $85.6200 | P&L: -1.45% | RSI: 43.3 | ADX: 57.6
2026-04-27 10:11:02,633 | INFO | 📊 HOLD | $85.6000 | P&L: -1.47% | RSI: 42.6 | ADX: 57.6
2026-04-27 10:11:18,003 | INFO | 📊 HOLD | $85.6000 | P&L: -1.47% | RSI: 42.6 | ADX: 57.7
2026-04-27 10:11:33,383 | INFO | 📊 HOLD | $85.5900 | P&L: -1.48% | RSI: 42.3 | ADX: 57.8
2026-04-27 10:11:48,749 | INFO | 📊 HOLD | $85.5900 | P&L: -1.48% | RSI: 42.3 | ADX: 57.8
2026-04-27 10:12:04,257 | INFO | 📊 HOLD | $85.5900 | P&L: -1.48% | RSI: 42.3 | ADX: 58.0
2026-04-27 10:12:19,627 | INFO | 📊 HOLD | $85.5900 | P&L: -1.48% | RSI: 42.3 | ADX: 58.0
2026-04-27 10:12:34,997 | INFO | 📊 HOLD | $85.6000 | P&L: -1.47% | RSI: 42.6 | ADX: 58.0
2026-04-27 10:12:50,359 | INFO | 📊 HOLD | $85.5900 | P&L: -1.48% | RSI: 42.3 | ADX: 58.0
2026-04-27 10:13:05,731 | INFO | 📊 HOLD | $85.5900 | P&L: -1.48% | RSI: 42.3 | ADX: 58.0
2026-04-27 10:13:21,116 | INFO | 📊 HOLD | $85.6000 | P&L: -1.47% | RSI: 42.6 | ADX: 58.0
2026-04-27 10:13:36,467 | INFO | 📊 HOLD | $85.6000 | P&L: -1.47% | RSI: 42.6 | ADX: 58.0
2026-04-27 10:13:51,880 | INFO | 📊 HOLD | $85.6000 | P&L: -1.47% | RSI: 42.6 | ADX: 58.0
2026-04-27 10:14:07,250 | INFO | 📊 HOLD | $85.6100 | P&L: -1.46% | RSI: 43.0 | ADX: 58.0
2026-04-27 10:14:22,623 | INFO | 📊 HOLD | $85.6000 | P&L: -1.47% | RSI: 42.6 | ADX: 58.0
2026-04-27 10:14:37,994 | INFO | 📊 HOLD | $85.6100 | P&L: -1.46% | RSI: 43.0 | ADX: 58.0
2026-04-27 10:14:53,342 | INFO | 📊 HOLD | $85.6000 | P&L: -1.47% | RSI: 42.6 | ADX: 58.0
2026-04-27 10:15:08,694 | INFO | 📊 HOLD | $85.6000 | P&L: -1.47% | RSI: 34.6 | ADX: 57.4
2026-04-27 10:15:24,068 | INFO | 📊 HOLD | $85.6000 | P&L: -1.47% | RSI: 34.6 | ADX: 57.4
2026-04-27 10:15:39,519 | INFO | 📊 HOLD | $85.6300 | P&L: -1.44% | RSI: 36.4 | ADX: 57.4
2026-04-27 10:15:54,880 | INFO | 📊 HOLD | $85.6400 | P&L: -1.43% | RSI: 36.9 | ADX: 56.9
2026-04-27 10:16:10,232 | INFO | 📊 HOLD | $85.6500 | P&L: -1.42% | RSI: 37.5 | ADX: 56.5
2026-04-27 10:16:25,614 | INFO | 📊 HOLD | $85.6100 | P&L: -1.46% | RSI: 35.2 | ADX: 56.5
2026-04-27 10:16:40,984 | INFO | 📊 HOLD | $85.6500 | P&L: -1.42% | RSI: 37.5 | ADX: 56.5
2026-04-27 10:16:56,359 | INFO | 📊 HOLD | $85.6500 | P&L: -1.42% | RSI: 37.5 | ADX: 56.5
2026-04-27 10:17:11,737 | INFO | 📊 HOLD | $85.6400 | P&L: -1.43% | RSI: 36.9 | ADX: 56.5
2026-04-27 10:17:27,131 | INFO | 📊 HOLD | $85.6600 | P&L: -1.40% | RSI: 38.1 | ADX: 56.1
2026-04-27 10:17:43,385 | INFO | 🔴 SELL | SOL/USDT @ $85.5400
2026-04-27 10:17:43,385 | INFO |         | النتيجة: ❌ LOSS -1.54% ($-1.64)
2026-04-27 10:17:43,385 | INFO |         | السبب: STOP_LOSS (-1.54%)
2026-04-27 10:17:43,385 | INFO |         | الرصيد الجديد: $998.26
2026-04-27 10:17:43,385 | INFO |         | Win Rate: 0% من 1 صفقة
